<html>
<body>
<pre>
<h1>Vision Build Log</h1>
<h2>Project:</h2>
C:\Users\Phone\Desktop\1科技文化节\(7)uCOS_GUI_GSM\1 - 副本\uCOS_GUI\Project\Phone.uvproj
Project File Date:  04/01/2014

<h2>Output:</h2>
Rebuild target 'uCOS_GUI'
compiling system_stm32f10x.c...
Project build/rebuild aborted.
Target not created
Build target 'uCOS_GUI'
linking...
Program Size: Code=37810 RO-data=105422 RW-data=548 ZI-data=17812  
FromELF: creating hex file...
"..\Obj\Phone.axf" - 0 Error(s), 0 Warning(s).
Build target 'uCOS_GUI'
compiling bsp.c...
compiling WIFI.c...
..\Source\WIFI\WIFI.c(60): warning:  #223-D: function "GPIO_Configuration" declared implicitly
..\Source\WIFI\WIFI.c(61): warning:  #223-D: function "GPIO_Config_LED" declared implicitly
..\Source\WIFI\WIFI.c(62): warning:  #223-D: function "usart_init" declared implicitly
..\Source\WIFI\WIFI.c(63): warning:  #223-D: function "NVIC_Configuration" declared implicitly
linking...
..\Obj\Phone.axf: Error: L6200E: Symbol temp multiply defined (by wifi.o and app.o).
..\Obj\Phone.axf: Error: L6200E: Symbol aa multiply defined (by wifi.o and gsm.o).
..\Obj\Phone.axf: Error: L6200E: Symbol ATE0 multiply defined (by wifi.o and gsm.o).
..\Obj\Phone.axf: Error: L6200E: Symbol j multiply defined (by wifi.o and gsm.o).
Target not created
Build target 'uCOS_GUI'
compiling WIFI.c...
linking...
Program Size: Code=38002 RO-data=105422 RW-data=548 ZI-data=17812  
FromELF: creating hex file...
"..\Obj\Phone.axf" - 0 Error(s), 0 Warning(s).
Build target 'uCOS_GUI'
compiling WIFI.c...
..\Source\WIFI\WIFI.c(60): warning:  #223-D: function "GPIO_Configuration" declared implicitly
..\Source\WIFI\WIFI.c(61): warning:  #223-D: function "GPIO_Config_LED" declared implicitly
..\Source\WIFI\WIFI.c(62): warning:  #223-D: function "usart_init" declared implicitly
..\Source\WIFI\WIFI.c(63): warning:  #223-D: function "NVIC_Configuration" declared implicitly
linking...
..\Obj\Phone.axf: Error: L6200E: Symbol temp multiply defined (by wifi.o and app.o).
..\Obj\Phone.axf: Error: L6200E: Symbol aa multiply defined (by wifi.o and gsm.o).
..\Obj\Phone.axf: Error: L6200E: Symbol ATE0 multiply defined (by wifi.o and gsm.o).
..\Obj\Phone.axf: Error: L6200E: Symbol j multiply defined (by wifi.o and gsm.o).
Target not created
Build target 'uCOS_GUI'
compiling WIFI.c...
..\Source\WIFI\WIFI.c(60): warning:  #223-D: function "GPIO_Configuration" declared implicitly
..\Source\WIFI\WIFI.c(61): warning:  #223-D: function "GPIO_Config_LED" declared implicitly
..\Source\WIFI\WIFI.c(62): warning:  #223-D: function "usart_init" declared implicitly
..\Source\WIFI\WIFI.c(63): warning:  #223-D: function "NVIC_Configuration" declared implicitly
linking...
..\Obj\Phone.axf: Error: L6200E: Symbol temp multiply defined (by wifi.o and app.o).
..\Obj\Phone.axf: Error: L6200E: Symbol ATE0 multiply defined (by wifi.o and gsm.o).
..\Obj\Phone.axf: Error: L6200E: Symbol j multiply defined (by wifi.o and gsm.o).
Target not created
Build target 'uCOS_GUI'
compiling WIFI.c...
..\Source\WIFI\WIFI.c(60): warning:  #223-D: function "GPIO_Configuration" declared implicitly
..\Source\WIFI\WIFI.c(61): warning:  #223-D: function "GPIO_Config_LED" declared implicitly
..\Source\WIFI\WIFI.c(62): warning:  #223-D: function "usart_init" declared implicitly
..\Source\WIFI\WIFI.c(63): warning:  #223-D: function "NVIC_Configuration" declared implicitly
linking...
..\Obj\Phone.axf: Error: L6200E: Symbol ATE0 multiply defined (by wifi.o and gsm.o).
..\Obj\Phone.axf: Error: L6200E: Symbol j multiply defined (by wifi.o and gsm.o).
Target not created
Build target 'uCOS_GUI'
compiling WIFI.c...
..\Source\WIFI\WIFI.c(59): warning:  #223-D: function "GPIO_Configuration" declared implicitly
..\Source\WIFI\WIFI.c(60): warning:  #223-D: function "GPIO_Config_LED" declared implicitly
..\Source\WIFI\WIFI.c(61): warning:  #223-D: function "usart_init" declared implicitly
..\Source\WIFI\WIFI.c(62): warning:  #223-D: function "NVIC_Configuration" declared implicitly
linking...
..\Obj\Phone.axf: Error: L6200E: Symbol j multiply defined (by wifi.o and gsm.o).
Target not created
Build target 'uCOS_GUI'
compiling WIFI.c...
..\Source\WIFI\WIFI.c(46): error:  #20: identifier "j" is undefined
..\Source\WIFI\WIFI.c(60): warning:  #223-D: function "GPIO_Configuration" declared implicitly
..\Source\WIFI\WIFI.c(61): warning:  #223-D: function "GPIO_Config_LED" declared implicitly
..\Source\WIFI\WIFI.c(62): warning:  #223-D: function "usart_init" declared implicitly
..\Source\WIFI\WIFI.c(63): warning:  #223-D: function "NVIC_Configuration" declared implicitly
Target not created
Build target 'uCOS_GUI'
compiling WIFI.c...
..\Source\WIFI\WIFI.c(46): error:  #20: identifier "j" is undefined
..\Source\WIFI\WIFI.c(60): warning:  #223-D: function "GPIO_Configuration" declared implicitly
..\Source\WIFI\WIFI.c(61): warning:  #223-D: function "GPIO_Config_LED" declared implicitly
..\Source\WIFI\WIFI.c(62): warning:  #223-D: function "usart_init" declared implicitly
..\Source\WIFI\WIFI.c(63): warning:  #223-D: function "NVIC_Configuration" declared implicitly
Target not created
Build target 'uCOS_GUI'
compiling WIFI.c...
..\Source\WIFI\WIFI.c(60): warning:  #223-D: function "GPIO_Configuration" declared implicitly
..\Source\WIFI\WIFI.c(61): warning:  #223-D: function "GPIO_Config_LED" declared implicitly
..\Source\WIFI\WIFI.c(62): warning:  #223-D: function "usart_init" declared implicitly
..\Source\WIFI\WIFI.c(63): warning:  #223-D: function "NVIC_Configuration" declared implicitly
linking...
..\Obj\Phone.axf: Error: L6218E: Undefined symbol GPIO_Configuration (referred from wifi.o).
..\Obj\Phone.axf: Error: L6218E: Undefined symbol usart_init (referred from wifi.o).
Target not created
Build target 'uCOS_GUI'
compiling WIFI.c...
linking...
Program Size: Code=38090 RO-data=105422 RW-data=564 ZI-data=17892  
FromELF: creating hex file...
"..\Obj\Phone.axf" - 0 Error(s), 0 Warning(s).
Build target 'uCOS_GUI'
linking...
Program Size: Code=38090 RO-data=105422 RW-data=564 ZI-data=17892  
FromELF: creating hex file...
"..\Obj\Phone.axf" - 0 Error(s), 0 Warning(s).
Build target 'uCOS_GUI'
linking...
Program Size: Code=38090 RO-data=105422 RW-data=564 ZI-data=17892  
FromELF: creating hex file...
"..\Obj\Phone.axf" - 0 Error(s), 0 Warning(s).
Build target 'uCOS_GUI'
compiling WIFI.c...
linking...
Program Size: Code=38090 RO-data=105422 RW-data=564 ZI-data=17892  
FromELF: creating hex file...
"..\Obj\Phone.axf" - 0 Error(s), 0 Warning(s).
Load "..\\Obj\\Phone.AXF" 
* JLink Info: Device "STM32F103VE" selected (512 KB flash, 64 KB RAM).
Set JLink Project File to "C:\Users\Phone\Desktop\1科技文化节\(7)uCOS_GUI_GSM\1 - 副本\uCOS_GUI\Project\JLinkSettings.ini"
 
JLink info:
------------
DLL: V4.50j, compiled Jun 26 2012 09:19:07
Firmware: J-Link ARM V8 compiled Aug  1 2012 13:40:47
Hardware: V8.00
S/N : 58001139 
Feature(s) : RDI,FlashDL,FlashBP,JFlash 
 
* JLink Info: Found SWD-DP with ID 0x1BA01477
* JLink Info: Found SWD-DP with ID 0x1BA01477
* JLink Info: TPIU fitted.
* JLink Info: ETM fitted.
* JLink Info: FPUnit: 6 code (BP) slots and 2 literal slots
* JLink Info: Found Cortex-M3 r1p1, Little endian.
ROMTableAddr = 0xE00FF003
 
Target info:
------------
Device: STM32F103VE
VTarget = 3.099V
State of Pins: 
TCK: 0, TDI: 0, TDO: 0, TMS: 1, TRES: 1, TRST: 1
Hardware-Breakpoints: 6
Software-Breakpoints: 8192
Watchpoints:          4
JTAG speed: 2000 kHz
 
Erase Done.
***JLink Error: Communication timed out: Requested 4 bytes, received 0 bytes !
***JLink Error: Could not start CPU core. (ErrorCode: -1)
***JLink Error: Can not read register 15 (R15) while CPU is running
**JLink Warning: CPU could not be halted
***JLink Error: Could not read memory location 0x20000000 when trying to clear soft RAM BP
Could not start CPU core. (ErrorCode: -1)
***JLink Error: Can not read register 20 (CFBP) while CPU is running
**JLink Warning: CPU could not be halted
***JLink Error: Could not start CPU core. (ErrorCode: -1)
* JLink Info: STM32F1xxx: Can not attach to CPU. Trying connect under reset.
***JLink Error: Could not read hardware status!
* JLink Info: STM32F1xxx: Can not attach to CPU. Trying connect under reset.
* JLink Info: STM32F1xxx: Can not attach to CPU. Trying connect under reset.
* JLink Info: STM32F1xxx: Can not attach to CPU. Trying connect under reset.
Programming Failed!
Build target 'uCOS_GUI'
compiling WIFI.c...
linking...
Program Size: Code=38090 RO-data=105422 RW-data=564 ZI-data=17892  
FromELF: creating hex file...
"..\Obj\Phone.axf" - 0 Error(s), 0 Warning(s).
Build target 'uCOS_GUI'
compiling App.c...
..\Source\APP\App.c(77): warning:  #177-D: variable "err" was declared but never referenced
..\Source\APP\App.c(144): warning:  #177-D: variable "err" was declared but never referenced
..\Source\APP\App.c(251): warning:  #223-D: function "wifi" declared implicitly
..\Source\APP\App.c(246): warning:  #177-D: variable "err" was declared but never referenced
..\Source\APP\App.c(261): warning:  #177-D: variable "err" was declared but never referenced
..\Source\APP\App.c(297): warning:  #223-D: function "NRF24L01_Init" declared implicitly
..\Source\APP\App.c(301): warning:  #223-D: function "NRF24L01_Check" declared implicitly
..\Source\APP\App.c(307): warning:  #223-D: function "RX_Mode" declared implicitly
..\Source\APP\App.c(310): warning:  #223-D: function "NRF24L01_RxPacket" declared implicitly
..\Source\APP\App.c(335): warning:  #223-D: function "TX_Mode" declared implicitly
..\Source\APP\App.c(337): warning:  #223-D: function "NRF24L01_TxPacket" declared implicitly
..\Source\APP\App.c(283): warning:  #177-D: variable "err" was declared but never referenced
..\Source\APP\App.c(287): warning:  #177-D: variable "temp3" was declared but never referenced
..\Source\APP\App.c(287): warning:  #177-D: variable "temp4" was declared but never referenced
linking...
Program Size: Code=38482 RO-data=105422 RW-data=564 ZI-data=17892  
FromELF: creating hex file...
"..\Obj\Phone.axf" - 0 Error(s), 14 Warning(s).
Load "..\\Obj\\Phone.AXF" 
* JLink Info: Device "STM32F103VE" selected (512 KB flash, 64 KB RAM).
Set JLink Project File to "C:\Users\Phone\Desktop\1科技文化节\(7)uCOS_GUI_GSM\1 - 副本\uCOS_GUI\Project\JLinkSettings.ini"
 
JLink info:
------------
DLL: V4.50j, compiled Jun 26 2012 09:19:07
Firmware: J-Link ARM V8 compiled Aug  1 2012 13:40:47
Hardware: V8.00
S/N : 58001139 
Feature(s) : RDI,FlashDL,FlashBP,JFlash 
 
* JLink Info: Found SWD-DP with ID 0x1BA01477
* JLink Info: Found SWD-DP with ID 0x1BA01477
* JLink Info: TPIU fitted.
* JLink Info: ETM fitted.
* JLink Info: FPUnit: 6 code (BP) slots and 2 literal slots
* JLink Info: Found Cortex-M3 r1p1, Little endian.
ROMTableAddr = 0xE00FF003
 
Target info:
------------
Device: STM32F103VE
VTarget = 3.105V
State of Pins: 
TCK: 0, TDI: 0, TDO: 0, TMS: 1, TRES: 1, TRST: 1
Hardware-Breakpoints: 6
Software-Breakpoints: 8192
Watchpoints:          4
JTAG speed: 2000 kHz
 
Erase Done.
Programming Done.
Verify OK.
Build target 'uCOS_GUI'
compiling App.c...
..\Source\APP\App.c(77): warning:  #177-D: variable "err" was declared but never referenced
..\Source\APP\App.c(144): warning:  #177-D: variable "err" was declared but never referenced
..\Source\APP\App.c(251): warning:  #223-D: function "wifi" declared implicitly
..\Source\APP\App.c(246): warning:  #177-D: variable "err" was declared but never referenced
..\Source\APP\App.c(261): warning:  #177-D: variable "err" was declared but never referenced
..\Source\APP\App.c(297): warning:  #223-D: function "NRF24L01_Init" declared implicitly
..\Source\APP\App.c(301): warning:  #223-D: function "NRF24L01_Check" declared implicitly
..\Source\APP\App.c(307): warning:  #223-D: function "RX_Mode" declared implicitly
..\Source\APP\App.c(310): warning:  #223-D: function "NRF24L01_RxPacket" declared implicitly
..\Source\APP\App.c(335): warning:  #223-D: function "TX_Mode" declared implicitly
..\Source\APP\App.c(337): warning:  #223-D: function "NRF24L01_TxPacket" declared implicitly
..\Source\APP\App.c(283): warning:  #177-D: variable "err" was declared but never referenced
..\Source\APP\App.c(287): warning:  #177-D: variable "temp3" was declared but never referenced
..\Source\APP\App.c(287): warning:  #177-D: variable "temp4" was declared but never referenced
linking...
Program Size: Code=37650 RO-data=105422 RW-data=564 ZI-data=17892  
FromELF: creating hex file...
"..\Obj\Phone.axf" - 0 Error(s), 14 Warning(s).
Build target 'uCOS_GUI'
compiling App.c...
..\Source\APP\App.c(77): warning:  #177-D: variable "err" was declared but never referenced
..\Source\APP\App.c(144): warning:  #177-D: variable "err" was declared but never referenced
..\Source\APP\App.c(251): warning:  #223-D: function "wifi" declared implicitly
..\Source\APP\App.c(246): warning:  #177-D: variable "err" was declared but never referenced
..\Source\APP\App.c(261): warning:  #177-D: variable "err" was declared but never referenced
..\Source\APP\App.c(297): warning:  #223-D: function "NRF24L01_Init" declared implicitly
..\Source\APP\App.c(301): warning:  #223-D: function "NRF24L01_Check" declared implicitly
..\Source\APP\App.c(307): warning:  #223-D: function "RX_Mode" declared implicitly
..\Source\APP\App.c(310): warning:  #223-D: function "NRF24L01_RxPacket" declared implicitly
..\Source\APP\App.c(335): warning:  #223-D: function "TX_Mode" declared implicitly
..\Source\APP\App.c(337): warning:  #223-D: function "NRF24L01_TxPacket" declared implicitly
..\Source\APP\App.c(283): warning:  #177-D: variable "err" was declared but never referenced
..\Source\APP\App.c(287): warning:  #177-D: variable "temp3" was declared but never referenced
..\Source\APP\App.c(287): warning:  #177-D: variable "temp4" was declared but never referenced
linking...
Program Size: Code=37634 RO-data=105422 RW-data=564 ZI-data=17892  
FromELF: creating hex file...
"..\Obj\Phone.axf" - 0 Error(s), 14 Warning(s).
Build target 'uCOS_GUI'
compiling App.c...
..\Source\APP\App.c(77): warning:  #177-D: variable "err" was declared but never referenced
..\Source\APP\App.c(144): warning:  #177-D: variable "err" was declared but never referenced
..\Source\APP\App.c(246): warning:  #177-D: variable "err" was declared but never referenced
..\Source\APP\App.c(267): warning:  #223-D: function "wifi" declared implicitly
..\Source\APP\App.c(261): warning:  #177-D: variable "err" was declared but never referenced
..\Source\APP\App.c(298): warning:  #223-D: function "NRF24L01_Init" declared implicitly
..\Source\APP\App.c(302): warning:  #223-D: function "NRF24L01_Check" declared implicitly
..\Source\APP\App.c(308): warning:  #223-D: function "RX_Mode" declared implicitly
..\Source\APP\App.c(311): warning:  #223-D: function "NRF24L01_RxPacket" declared implicitly
..\Source\APP\App.c(336): warning:  #223-D: function "TX_Mode" declared implicitly
..\Source\APP\App.c(338): warning:  #223-D: function "NRF24L01_TxPacket" declared implicitly
..\Source\APP\App.c(284): warning:  #177-D: variable "err" was declared but never referenced
..\Source\APP\App.c(288): warning:  #177-D: variable "temp3" was declared but never referenced
..\Source\APP\App.c(288): warning:  #177-D: variable "temp4" was declared but never referenced
linking...
Program Size: Code=37634 RO-data=105422 RW-data=564 ZI-data=17892  
FromELF: creating hex file...
"..\Obj\Phone.axf" - 0 Error(s), 14 Warning(s).
compiling App.c...
..\Source\APP\App.c(78): warning:  #177-D: variable "err" was declared but never referenced
..\Source\APP\App.c(145): warning:  #177-D: variable "err" was declared but never referenced
..\Source\APP\App.c(247): warning:  #177-D: variable "err" was declared but never referenced
..\Source\APP\App.c(262): warning:  #177-D: variable "err" was declared but never referenced
..\Source\APP\App.c(299): warning:  #223-D: function "NRF24L01_Init" declared implicitly
..\Source\APP\App.c(303): warning:  #223-D: function "NRF24L01_Check" declared implicitly
..\Source\APP\App.c(309): warning:  #223-D: function "RX_Mode" declared implicitly
..\Source\APP\App.c(312): warning:  #223-D: function "NRF24L01_RxPacket" declared implicitly
..\Source\APP\App.c(337): warning:  #223-D: function "TX_Mode" declared implicitly
..\Source\APP\App.c(339): warning:  #223-D: function "NRF24L01_TxPacket" declared implicitly
..\Source\APP\App.c(285): warning:  #177-D: variable "err" was declared but never referenced
..\Source\APP\App.c(289): warning:  #177-D: variable "temp3" was declared but never referenced
..\Source\APP\App.c(289): warning:  #177-D: variable "temp4" was declared but never referenced
Build target 'uCOS_GUI'
linking...
Program Size: Code=37634 RO-data=105422 RW-data=564 ZI-data=17892  
FromELF: creating hex file...
"..\Obj\Phone.axf" - 0 Error(s), 0 Warning(s).
Load "..\\Obj\\Phone.AXF" 
* JLink Info: Device "STM32F103VE" selected (512 KB flash, 64 KB RAM).
Set JLink Project File to "C:\Users\Phone\Desktop\1科技文化节\(7)uCOS_GUI_GSM\1 - 副本\uCOS_GUI\Project\JLinkSettings.ini"
 
JLink info:
------------
DLL: V4.50j, compiled Jun 26 2012 09:19:07
Firmware: J-Link ARM V8 compiled Aug  1 2012 13:40:47
Hardware: V8.00
S/N : 58001139 
Feature(s) : RDI,FlashDL,FlashBP,JFlash 
 
* JLink Info: Found SWD-DP with ID 0x1BA01477
* JLink Info: Found SWD-DP with ID 0x1BA01477
* JLink Info: TPIU fitted.
* JLink Info: ETM fitted.
* JLink Info: FPUnit: 6 code (BP) slots and 2 literal slots
* JLink Info: Found Cortex-M3 r1p1, Little endian.
ROMTableAddr = 0xE00FF003
 
Target info:
------------
Device: STM32F103VE
VTarget = 3.099V
State of Pins: 
TCK: 0, TDI: 0, TDO: 0, TMS: 1, TRES: 1, TRST: 1
Hardware-Breakpoints: 6
Software-Breakpoints: 8192
Watchpoints:          4
JTAG speed: 2000 kHz
 
Erase Done.
Programming Done.
Verify OK.
Build target 'uCOS_GUI'
compiling App.c...
..\Source\APP\App.c(78): warning:  #177-D: variable "err" was declared but never referenced
..\Source\APP\App.c(145): warning:  #177-D: variable "err" was declared but never referenced
..\Source\APP\App.c(247): warning:  #177-D: variable "err" was declared but never referenced
..\Source\APP\App.c(262): warning:  #177-D: variable "err" was declared but never referenced
..\Source\APP\App.c(299): warning:  #223-D: function "NRF24L01_Init" declared implicitly
..\Source\APP\App.c(303): warning:  #223-D: function "NRF24L01_Check" declared implicitly
..\Source\APP\App.c(309): warning:  #223-D: function "RX_Mode" declared implicitly
..\Source\APP\App.c(312): warning:  #223-D: function "NRF24L01_RxPacket" declared implicitly
..\Source\APP\App.c(337): warning:  #223-D: function "TX_Mode" declared implicitly
..\Source\APP\App.c(339): warning:  #223-D: function "NRF24L01_TxPacket" declared implicitly
..\Source\APP\App.c(285): warning:  #177-D: variable "err" was declared but never referenced
..\Source\APP\App.c(289): warning:  #177-D: variable "temp3" was declared but never referenced
..\Source\APP\App.c(289): warning:  #177-D: variable "temp4" was declared but never referenced
linking...
Program Size: Code=38466 RO-data=105422 RW-data=564 ZI-data=17892  
FromELF: creating hex file...
"..\Obj\Phone.axf" - 0 Error(s), 13 Warning(s).
Build target 'uCOS_GUI'
compiling WIFI.c...
linking...
Program Size: Code=38466 RO-data=105422 RW-data=564 ZI-data=17892  
FromELF: creating hex file...
"..\Obj\Phone.axf" - 0 Error(s), 0 Warning(s).
Load "..\\Obj\\Phone.AXF" 
* JLink Info: Device "STM32F103VE" selected (512 KB flash, 64 KB RAM).
Set JLink Project File to "C:\Users\Phone\Desktop\1科技文化节\(7)uCOS_GUI_GSM\1 - 副本\uCOS_GUI\Project\JLinkSettings.ini"
 
JLink info:
------------
DLL: V4.50j, compiled Jun 26 2012 09:19:07
Firmware: J-Link ARM V8 compiled Aug  1 2012 13:40:47
Hardware: V8.00
S/N : 58001139 
Feature(s) : RDI,FlashDL,FlashBP,JFlash 
 
* JLink Info: Found SWD-DP with ID 0x1BA01477
* JLink Info: Found SWD-DP with ID 0x1BA01477
* JLink Info: TPIU fitted.
* JLink Info: ETM fitted.
* JLink Info: FPUnit: 6 code (BP) slots and 2 literal slots
* JLink Info: Found Cortex-M3 r1p1, Little endian.
ROMTableAddr = 0xE00FF003
 
Target info:
------------
Device: STM32F103VE
VTarget = 3.099V
State of Pins: 
TCK: 0, TDI: 0, TDO: 0, TMS: 1, TRES: 1, TRST: 1
Hardware-Breakpoints: 6
Software-Breakpoints: 8192
Watchpoints:          4
JTAG speed: 2000 kHz
 
Erase Done.
Programming Done.
Verify OK.
